<?xml version="1.0" encoding="UTF-8"?>
<!-- Generated by org.testng.reporters.JUnitXMLReporter -->
<testsuite ignored="0" hostname="NB-QA-103" failures="0" tests="3" name="Test" time="31.537" errors="0" timestamp="2023-07-01T11:24:25 ART">
  <testcase classname="Edit.CursoSelenium_1.PracticeTest_1" name="buscarPalabraTest" time="7.73"/>
  <testcase classname="Edit.CursoSelenium_1.AppTest" name="shouldAnswerWithTrue" time="0.003"/>
  <testcase classname="Edit.CursoSelenium_1.PracticeTest_2" name="registrarUsuario" time="23.748"/>
</testsuite> <!-- Test -->
