<?xml version="1.0" encoding="UTF-8"?>
<testng-results ignored="0" total="3" passed="3" failed="0" skipped="0">
  <reporter-output>
  </reporter-output>
  <suite started-at="2023-07-15T11:08:08 ART" name="Default suite" finished-at="2023-07-15T11:08:14 ART" duration-ms="5953">
    <groups>
    </groups>
    <test started-at="2023-07-15T11:08:08 ART" name="Default test" finished-at="2023-07-15T11:08:14 ART" duration-ms="5953">
      <class name="pruebas.Clase6Test">
        <test-method is-config="true" signature="setUp()[pri:0, instance:pruebas.Clase6Test@5e2c3d18]" started-at="2023-07-15T11:07:58 ART" name="setUp" finished-at="2023-07-15T11:08:08 ART" duration-ms="9646" status="PASS">
          <reporter-output>
          </reporter-output>
        </test-method> <!-- setUp -->
        <test-method signature="login(java.lang.String,java.lang.String)[pri:0, instance:pruebas.Clase6Test@5e2c3d18]" started-at="2023-07-15T11:08:08 ART" name="login" data-provider="Datos Login" finished-at="2023-07-15T11:08:10 ART" duration-ms="2195" status="PASS">
          <params>
            <param index="0">
              <value>
                <![CDATA[abcd@gmail.com]]>
              </value>
            </param>
            <param index="1">
              <value>
                <![CDATA[45wtwerw]]>
              </value>
            </param>
          </params>
          <reporter-output>
          </reporter-output>
        </test-method> <!-- login -->
        <test-method signature="login(java.lang.String,java.lang.String)[pri:0, instance:pruebas.Clase6Test@5e2c3d18]" started-at="2023-07-15T11:08:10 ART" name="login" data-provider="Datos Login" finished-at="2023-07-15T11:08:12 ART" duration-ms="1831" status="PASS">
          <params>
            <param index="0">
              <value>
                <![CDATA[efgh@gmail.com]]>
              </value>
            </param>
            <param index="1">
              <value>
                <![CDATA[o9y7ki8y7]]>
              </value>
            </param>
          </params>
          <reporter-output>
          </reporter-output>
        </test-method> <!-- login -->
        <test-method signature="login(java.lang.String,java.lang.String)[pri:0, instance:pruebas.Clase6Test@5e2c3d18]" started-at="2023-07-15T11:08:12 ART" name="login" data-provider="Datos Login" finished-at="2023-07-15T11:08:14 ART" duration-ms="1793" status="PASS">
          <params>
            <param index="0">
              <value>
                <![CDATA[ijkl@gmail.com]]>
              </value>
            </param>
            <param index="1">
              <value>
                <![CDATA[3rwafsdz]]>
              </value>
            </param>
          </params>
          <reporter-output>
          </reporter-output>
        </test-method> <!-- login -->
        <test-method is-config="true" signature="tearDown()[pri:0, instance:pruebas.Clase6Test@5e2c3d18]" started-at="2023-07-15T11:08:14 ART" name="tearDown" finished-at="2023-07-15T11:08:14 ART" duration-ms="1" status="PASS">
          <reporter-output>
          </reporter-output>
        </test-method> <!-- tearDown -->
      </class> <!-- pruebas.Clase6Test -->
    </test> <!-- Default test -->
  </suite> <!-- Default suite -->
</testng-results>
