<?xml version="1.0" encoding="UTF-8"?>
<!-- Generated by org.testng.reporters.JUnitXMLReporter -->
<testsuite ignored="0" hostname="NB-QA-103" failures="0" tests="3" name="Default test" time="5.953" errors="0" timestamp="2023-07-15T11:08:14 ART">
  <testcase classname="pruebas.Clase6Test" name="login" time="2.195"/>
  <testcase classname="pruebas.Clase6Test" name="login" time="1.831"/>
  <testcase classname="pruebas.Clase6Test" name="login" time="1.793"/>
</testsuite> <!-- Default test -->
